2024-04-23 22:51:12,772 INFO o.a.j.u.JMeterUtils: Setting Locale to en_US
2024-04-23 22:51:12,822 INFO o.a.j.JMeter: Loading user properties from: user.properties
2024-04-23 22:51:12,824 INFO o.a.j.JMeter: Loading system properties from: system.properties
2024-04-23 22:51:12,843 INFO o.a.j.JMeter: Copyright (c) 1998-2023 The Apache Software Foundation
2024-04-23 22:51:12,843 INFO o.a.j.JMeter: Version 5.6.2
2024-04-23 22:51:12,843 INFO o.a.j.JMeter: java.version=17.0.8
2024-04-23 22:51:12,843 INFO o.a.j.JMeter: java.vm.name=Java HotSpot(TM) 64-Bit Server VM
2024-04-23 22:51:12,844 INFO o.a.j.JMeter: os.name=Windows 10
2024-04-23 22:51:12,844 INFO o.a.j.JMeter: os.arch=amd64
2024-04-23 22:51:12,844 INFO o.a.j.JMeter: os.version=10.0
2024-04-23 22:51:12,844 INFO o.a.j.JMeter: file.encoding=Cp1252
2024-04-23 22:51:12,845 INFO o.a.j.JMeter: java.awt.headless=null
2024-04-23 22:51:12,845 INFO o.a.j.JMeter: Max memory     =4234149888
2024-04-23 22:51:12,845 INFO o.a.j.JMeter: Available Processors =8
2024-04-23 22:51:12,870 INFO o.a.j.JMeter: Default Locale=English (United States)
2024-04-23 22:51:12,871 INFO o.a.j.JMeter: JMeter  Locale=English (United States)
2024-04-23 22:51:12,871 INFO o.a.j.JMeter: JMeterHome=C:\Users\Manju\Desktop\project cognizant\apache-jmeter-5.6.2
2024-04-23 22:51:12,871 INFO o.a.j.JMeter: user.dir  =C:\Users\Manju\Desktop\project cognizant\apache-jmeter-5.6.2\bin
2024-04-23 22:51:12,872 INFO o.a.j.JMeter: PWD       =C:\Users\Manju\Desktop\project cognizant\apache-jmeter-5.6.2\bin
2024-04-23 22:51:12,882 INFO o.a.j.JMeter: IP: 192.168.0.136 Name: DESKTOP-4U5C2IL FullName: DESKTOP-4U5C2IL
2024-04-23 22:51:12,919 INFO o.a.j.JMeter: Loaded icon properties from org/apache/jmeter/images/icon.properties
2024-04-23 22:51:13,390 INFO o.a.j.JMeterGuiLauncher: Setting LAF to: com.github.weisj.darklaf.DarkLaf:com.github.weisj.darklaf.theme.DarculaTheme
2024-04-23 22:51:16,763 INFO o.a.j.r.ClassFinder: Will scan jar C:\Users\Manju\Desktop\project cognizant\apache-jmeter-5.6.2\lib\ext\jmeter-plugins-manager-1.9.jar with filter ExtendsClassFilter [parents=[interface org.apache.jmeter.gui.action.Command], inner=false, contains=null, notContains=null]. Consider exposing JMeter plugins via META-INF/services, and add JMeter-Skip-Class-Scanning=true manifest attribute so JMeter can skip classfile scanning
2024-04-23 22:51:17,120 INFO o.a.j.r.ClassFinder: Will scan jar C:\Users\Manju\Desktop\project cognizant\apache-jmeter-5.6.2\lib\ext\di-extended-csv-2.0.jar with filter ExtendsClassFilter [parents=[interface org.apache.jmeter.gui.action.Command], inner=false, contains=null, notContains=null]. Consider exposing JMeter plugins via META-INF/services, and add JMeter-Skip-Class-Scanning=true manifest attribute so JMeter can skip classfile scanning
2024-04-23 22:51:17,138 INFO o.a.j.r.ClassFinder: Will scan jar C:\Users\Manju\Desktop\project cognizant\apache-jmeter-5.6.2\lib\ext\json-lib-2.4-jdk15.jar with filter ExtendsClassFilter [parents=[interface org.apache.jmeter.gui.action.Command], inner=false, contains=null, notContains=null]. Consider exposing JMeter plugins via META-INF/services, and add JMeter-Skip-Class-Scanning=true manifest attribute so JMeter can skip classfile scanning
2024-04-23 22:51:17,139 INFO o.a.j.r.ClassFinder: Will scan jar C:\Users\Manju\Desktop\project cognizant\apache-jmeter-5.6.2\lib\ext\jmeter-plugins-cmn-jmeter-0.7.jar with filter ExtendsClassFilter [parents=[interface org.apache.jmeter.gui.action.Command], inner=false, contains=null, notContains=null]. Consider exposing JMeter plugins via META-INF/services, and add JMeter-Skip-Class-Scanning=true manifest attribute so JMeter can skip classfile scanning
2024-04-23 22:51:17,209 INFO o.a.j.r.ClassFinder: Will scan jar C:\Users\Manju\Desktop\project cognizant\apache-jmeter-5.6.2\lib\ext\cmdrunner-2.3.jar with filter ExtendsClassFilter [parents=[interface org.apache.jmeter.gui.action.Command], inner=false, contains=null, notContains=null]. Consider exposing JMeter plugins via META-INF/services, and add JMeter-Skip-Class-Scanning=true manifest attribute so JMeter can skip classfile scanning
2024-04-23 22:51:17,219 INFO o.a.j.r.ClassFinder: Will scan jar C:\Users\Manju\Desktop\project cognizant\apache-jmeter-5.6.2\lib\ext\jmeter-plugins-dummy-0.4.jar with filter ExtendsClassFilter [parents=[interface org.apache.jmeter.gui.action.Command], inner=false, contains=null, notContains=null]. Consider exposing JMeter plugins via META-INF/services, and add JMeter-Skip-Class-Scanning=true manifest attribute so JMeter can skip classfile scanning
2024-04-23 22:51:17,446 INFO o.a.j.r.ClassFinder: Will scan jar C:\Users\Manju\Desktop\project cognizant\apache-jmeter-5.6.2\lib\ext\jmeter-plugins-manager-1.9.jar with filter ExtendsClassFilter [parents=[interface org.apache.jmeter.gui.plugin.MenuCreator], inner=false, contains=null, notContains=null]. Consider exposing JMeter plugins via META-INF/services, and add JMeter-Skip-Class-Scanning=true manifest attribute so JMeter can skip classfile scanning
2024-04-23 22:51:17,452 INFO o.a.j.r.ClassFinder: Will scan jar C:\Users\Manju\Desktop\project cognizant\apache-jmeter-5.6.2\lib\ext\di-extended-csv-2.0.jar with filter ExtendsClassFilter [parents=[interface org.apache.jmeter.gui.plugin.MenuCreator], inner=false, contains=null, notContains=null]. Consider exposing JMeter plugins via META-INF/services, and add JMeter-Skip-Class-Scanning=true manifest attribute so JMeter can skip classfile scanning
2024-04-23 22:51:17,461 INFO o.a.j.r.ClassFinder: Will scan jar C:\Users\Manju\Desktop\project cognizant\apache-jmeter-5.6.2\lib\ext\json-lib-2.4-jdk15.jar with filter ExtendsClassFilter [parents=[interface org.apache.jmeter.gui.plugin.MenuCreator], inner=false, contains=null, notContains=null]. Consider exposing JMeter plugins via META-INF/services, and add JMeter-Skip-Class-Scanning=true manifest attribute so JMeter can skip classfile scanning
2024-04-23 22:51:17,463 INFO o.a.j.r.ClassFinder: Will scan jar C:\Users\Manju\Desktop\project cognizant\apache-jmeter-5.6.2\lib\ext\jmeter-plugins-cmn-jmeter-0.7.jar with filter ExtendsClassFilter [parents=[interface org.apache.jmeter.gui.plugin.MenuCreator], inner=false, contains=null, notContains=null]. Consider exposing JMeter plugins via META-INF/services, and add JMeter-Skip-Class-Scanning=true manifest attribute so JMeter can skip classfile scanning
2024-04-23 22:51:17,466 INFO o.a.j.r.ClassFinder: Will scan jar C:\Users\Manju\Desktop\project cognizant\apache-jmeter-5.6.2\lib\ext\cmdrunner-2.3.jar with filter ExtendsClassFilter [parents=[interface org.apache.jmeter.gui.plugin.MenuCreator], inner=false, contains=null, notContains=null]. Consider exposing JMeter plugins via META-INF/services, and add JMeter-Skip-Class-Scanning=true manifest attribute so JMeter can skip classfile scanning
2024-04-23 22:51:17,479 INFO o.a.j.r.ClassFinder: Will scan jar C:\Users\Manju\Desktop\project cognizant\apache-jmeter-5.6.2\lib\ext\jmeter-plugins-dummy-0.4.jar with filter ExtendsClassFilter [parents=[interface org.apache.jmeter.gui.plugin.MenuCreator], inner=false, contains=null, notContains=null]. Consider exposing JMeter plugins via META-INF/services, and add JMeter-Skip-Class-Scanning=true manifest attribute so JMeter can skip classfile scanning
2024-04-23 22:51:18,653 INFO o.j.r.JARSourceHTTP: Found cached repo
2024-04-23 22:51:19,242 INFO o.j.r.PluginManager: Plugins Status: [jpgc-dummy=0.4, jpgc-plugins-manager=1.9, jmeter-core=5.6.2, jmeter-ftp=5.6.2, jmeter-http=5.6.2, jmeter-jdbc=5.6.2, jmeter-jms=5.6.2, jmeter-junit=5.6.2, jmeter-java=5.6.2, jmeter-ldap=5.6.2, jmeter-mail=5.6.2, jmeter-mongodb=5.6.2, jmeter-native=5.6.2, jmeter-tcp=5.6.2, jmeter-components=5.6.2]
2024-04-23 22:51:19,246 INFO o.j.r.PluginManagerMenuItem: Plugins Manager has upgrades: [jpgc-plugins-manager]
2024-04-23 22:51:34,737 INFO o.a.j.s.FileServer: Default base='C:\Users\Manju\Desktop\project cognizant\apache-jmeter-5.6.2\bin'
2024-04-23 22:51:34,743 INFO o.a.j.g.a.Load: Loading file: E:\Downloads\Jmter Grafana.jmx
2024-04-23 22:51:34,743 INFO o.a.j.s.FileServer: Set new base='E:\Downloads'
2024-04-23 22:51:35,203 INFO o.a.j.s.SaveService: Testplan (JMX) version: 2.2. Testlog (JTL) version: 2.2
2024-04-23 22:51:35,217 INFO o.a.j.s.SaveService: Using SaveService properties version 5.0
2024-04-23 22:51:35,220 INFO o.a.j.s.SaveService: Using SaveService properties file encoding UTF-8
2024-04-23 22:51:35,224 INFO o.a.j.s.SaveService: Loading file: E:\Downloads\Jmter Grafana.jmx
2024-04-23 22:51:35,503 INFO o.a.j.p.h.s.HTTPSamplerBase: Parser for text/html is org.apache.jmeter.protocol.http.parser.LagartoBasedHtmlParser
2024-04-23 22:51:35,504 INFO o.a.j.p.h.s.HTTPSamplerBase: Parser for application/xhtml+xml is org.apache.jmeter.protocol.http.parser.LagartoBasedHtmlParser
2024-04-23 22:51:35,504 INFO o.a.j.p.h.s.HTTPSamplerBase: Parser for application/xml is org.apache.jmeter.protocol.http.parser.LagartoBasedHtmlParser
2024-04-23 22:51:35,504 INFO o.a.j.p.h.s.HTTPSamplerBase: Parser for text/xml is org.apache.jmeter.protocol.http.parser.LagartoBasedHtmlParser
2024-04-23 22:51:35,505 INFO o.a.j.p.h.s.HTTPSamplerBase: Parser for text/vnd.wap.wml is org.apache.jmeter.protocol.http.parser.RegexpHTMLParser
2024-04-23 22:51:35,505 INFO o.a.j.p.h.s.HTTPSamplerBase: Parser for text/css is org.apache.jmeter.protocol.http.parser.CssParser
2024-04-23 22:51:35,519 INFO o.a.j.s.SampleResult: Note: Sample TimeStamps are START times
2024-04-23 22:51:35,520 INFO o.a.j.s.SampleResult: sampleresult.default.encoding is set to UTF-8
2024-04-23 22:51:35,520 INFO o.a.j.s.SampleResult: sampleresult.useNanoTime=true
2024-04-23 22:51:35,520 INFO o.a.j.s.SampleResult: sampleresult.nanoThreadSleep=5000
2024-04-23 22:51:36,304 INFO o.a.j.r.ClassFinder: Will scan jar C:\Users\Manju\Desktop\project cognizant\apache-jmeter-5.6.2\lib\ext\jmeter-plugins-manager-1.9.jar with filter ExtendsClassFilter [parents=[interface org.apache.jmeter.visualizers.ResultRenderer], inner=false, contains=null, notContains=null]. Consider exposing JMeter plugins via META-INF/services, and add JMeter-Skip-Class-Scanning=true manifest attribute so JMeter can skip classfile scanning
2024-04-23 22:51:36,307 INFO o.a.j.r.ClassFinder: Will scan jar C:\Users\Manju\Desktop\project cognizant\apache-jmeter-5.6.2\lib\ext\di-extended-csv-2.0.jar with filter ExtendsClassFilter [parents=[interface org.apache.jmeter.visualizers.ResultRenderer], inner=false, contains=null, notContains=null]. Consider exposing JMeter plugins via META-INF/services, and add JMeter-Skip-Class-Scanning=true manifest attribute so JMeter can skip classfile scanning
2024-04-23 22:51:36,312 INFO o.a.j.r.ClassFinder: Will scan jar C:\Users\Manju\Desktop\project cognizant\apache-jmeter-5.6.2\lib\ext\json-lib-2.4-jdk15.jar with filter ExtendsClassFilter [parents=[interface org.apache.jmeter.visualizers.ResultRenderer], inner=false, contains=null, notContains=null]. Consider exposing JMeter plugins via META-INF/services, and add JMeter-Skip-Class-Scanning=true manifest attribute so JMeter can skip classfile scanning
2024-04-23 22:51:36,313 INFO o.a.j.r.ClassFinder: Will scan jar C:\Users\Manju\Desktop\project cognizant\apache-jmeter-5.6.2\lib\ext\jmeter-plugins-cmn-jmeter-0.7.jar with filter ExtendsClassFilter [parents=[interface org.apache.jmeter.visualizers.ResultRenderer], inner=false, contains=null, notContains=null]. Consider exposing JMeter plugins via META-INF/services, and add JMeter-Skip-Class-Scanning=true manifest attribute so JMeter can skip classfile scanning
2024-04-23 22:51:36,314 INFO o.a.j.r.ClassFinder: Will scan jar C:\Users\Manju\Desktop\project cognizant\apache-jmeter-5.6.2\lib\ext\cmdrunner-2.3.jar with filter ExtendsClassFilter [parents=[interface org.apache.jmeter.visualizers.ResultRenderer], inner=false, contains=null, notContains=null]. Consider exposing JMeter plugins via META-INF/services, and add JMeter-Skip-Class-Scanning=true manifest attribute so JMeter can skip classfile scanning
2024-04-23 22:51:36,332 INFO o.a.j.r.ClassFinder: Will scan jar C:\Users\Manju\Desktop\project cognizant\apache-jmeter-5.6.2\lib\ext\jmeter-plugins-dummy-0.4.jar with filter ExtendsClassFilter [parents=[interface org.apache.jmeter.visualizers.ResultRenderer], inner=false, contains=null, notContains=null]. Consider exposing JMeter plugins via META-INF/services, and add JMeter-Skip-Class-Scanning=true manifest attribute so JMeter can skip classfile scanning
2024-04-23 22:51:36,390 INFO o.a.j.r.ClassFinder: Will scan jar C:\Users\Manju\Desktop\project cognizant\apache-jmeter-5.6.2\lib\ext\jmeter-plugins-manager-1.9.jar with filter ExtendsClassFilter [parents=[interface org.apache.jmeter.visualizers.RequestView], inner=false, contains=null, notContains=null]. Consider exposing JMeter plugins via META-INF/services, and add JMeter-Skip-Class-Scanning=true manifest attribute so JMeter can skip classfile scanning
2024-04-23 22:51:36,394 INFO o.a.j.r.ClassFinder: Will scan jar C:\Users\Manju\Desktop\project cognizant\apache-jmeter-5.6.2\lib\ext\di-extended-csv-2.0.jar with filter ExtendsClassFilter [parents=[interface org.apache.jmeter.visualizers.RequestView], inner=false, contains=null, notContains=null]. Consider exposing JMeter plugins via META-INF/services, and add JMeter-Skip-Class-Scanning=true manifest attribute so JMeter can skip classfile scanning
2024-04-23 22:51:36,399 INFO o.a.j.r.ClassFinder: Will scan jar C:\Users\Manju\Desktop\project cognizant\apache-jmeter-5.6.2\lib\ext\json-lib-2.4-jdk15.jar with filter ExtendsClassFilter [parents=[interface org.apache.jmeter.visualizers.RequestView], inner=false, contains=null, notContains=null]. Consider exposing JMeter plugins via META-INF/services, and add JMeter-Skip-Class-Scanning=true manifest attribute so JMeter can skip classfile scanning
2024-04-23 22:51:36,400 INFO o.a.j.r.ClassFinder: Will scan jar C:\Users\Manju\Desktop\project cognizant\apache-jmeter-5.6.2\lib\ext\jmeter-plugins-cmn-jmeter-0.7.jar with filter ExtendsClassFilter [parents=[interface org.apache.jmeter.visualizers.RequestView], inner=false, contains=null, notContains=null]. Consider exposing JMeter plugins via META-INF/services, and add JMeter-Skip-Class-Scanning=true manifest attribute so JMeter can skip classfile scanning
2024-04-23 22:51:36,402 INFO o.a.j.r.ClassFinder: Will scan jar C:\Users\Manju\Desktop\project cognizant\apache-jmeter-5.6.2\lib\ext\cmdrunner-2.3.jar with filter ExtendsClassFilter [parents=[interface org.apache.jmeter.visualizers.RequestView], inner=false, contains=null, notContains=null]. Consider exposing JMeter plugins via META-INF/services, and add JMeter-Skip-Class-Scanning=true manifest attribute so JMeter can skip classfile scanning
2024-04-23 22:51:36,406 INFO o.a.j.r.ClassFinder: Will scan jar C:\Users\Manju\Desktop\project cognizant\apache-jmeter-5.6.2\lib\ext\jmeter-plugins-dummy-0.4.jar with filter ExtendsClassFilter [parents=[interface org.apache.jmeter.visualizers.RequestView], inner=false, contains=null, notContains=null]. Consider exposing JMeter plugins via META-INF/services, and add JMeter-Skip-Class-Scanning=true manifest attribute so JMeter can skip classfile scanning
2024-04-23 22:51:36,695 INFO o.a.j.r.ClassFinder: Will scan jar C:\Users\Manju\Desktop\project cognizant\apache-jmeter-5.6.2\lib\ext\jmeter-plugins-manager-1.9.jar with filter ExtendsClassFilter [parents=[interface org.apache.jmeter.visualizers.backend.BackendListenerClient], inner=false, contains=null, notContains=null]. Consider exposing JMeter plugins via META-INF/services, and add JMeter-Skip-Class-Scanning=true manifest attribute so JMeter can skip classfile scanning
2024-04-23 22:51:36,698 INFO o.a.j.r.ClassFinder: Will scan jar C:\Users\Manju\Desktop\project cognizant\apache-jmeter-5.6.2\lib\ext\di-extended-csv-2.0.jar with filter ExtendsClassFilter [parents=[interface org.apache.jmeter.visualizers.backend.BackendListenerClient], inner=false, contains=null, notContains=null]. Consider exposing JMeter plugins via META-INF/services, and add JMeter-Skip-Class-Scanning=true manifest attribute so JMeter can skip classfile scanning
2024-04-23 22:51:36,704 INFO o.a.j.r.ClassFinder: Will scan jar C:\Users\Manju\Desktop\project cognizant\apache-jmeter-5.6.2\lib\ext\json-lib-2.4-jdk15.jar with filter ExtendsClassFilter [parents=[interface org.apache.jmeter.visualizers.backend.BackendListenerClient], inner=false, contains=null, notContains=null]. Consider exposing JMeter plugins via META-INF/services, and add JMeter-Skip-Class-Scanning=true manifest attribute so JMeter can skip classfile scanning
2024-04-23 22:51:36,705 INFO o.a.j.r.ClassFinder: Will scan jar C:\Users\Manju\Desktop\project cognizant\apache-jmeter-5.6.2\lib\ext\jmeter-plugins-cmn-jmeter-0.7.jar with filter ExtendsClassFilter [parents=[interface org.apache.jmeter.visualizers.backend.BackendListenerClient], inner=false, contains=null, notContains=null]. Consider exposing JMeter plugins via META-INF/services, and add JMeter-Skip-Class-Scanning=true manifest attribute so JMeter can skip classfile scanning
2024-04-23 22:51:36,706 INFO o.a.j.r.ClassFinder: Will scan jar C:\Users\Manju\Desktop\project cognizant\apache-jmeter-5.6.2\lib\ext\cmdrunner-2.3.jar with filter ExtendsClassFilter [parents=[interface org.apache.jmeter.visualizers.backend.BackendListenerClient], inner=false, contains=null, notContains=null]. Consider exposing JMeter plugins via META-INF/services, and add JMeter-Skip-Class-Scanning=true manifest attribute so JMeter can skip classfile scanning
2024-04-23 22:51:36,711 INFO o.a.j.r.ClassFinder: Will scan jar C:\Users\Manju\Desktop\project cognizant\apache-jmeter-5.6.2\lib\ext\jmeter-plugins-dummy-0.4.jar with filter ExtendsClassFilter [parents=[interface org.apache.jmeter.visualizers.backend.BackendListenerClient], inner=false, contains=null, notContains=null]. Consider exposing JMeter plugins via META-INF/services, and add JMeter-Skip-Class-Scanning=true manifest attribute so JMeter can skip classfile scanning
2024-04-23 22:51:36,779 INFO o.a.j.s.FileServer: Set new base='E:\Downloads'
